异常时间:2018-01-10 09:07:41,684 
线程编号:8 
异常信息:所在文件:C:\Users\mc\Documents\Visual Studio 2015\Projects\SingleWeixinSDK\Public\LogHelper.cs
所在行号:20
其它信息:identity:
********************************************
异常时间:2018-01-10 09:07:47,410 
线程编号:7 
异常信息:所在文件:C:\Users\mc\Documents\Visual Studio 2015\Projects\SingleWeixinSDK\Public\LogHelper.cs
所在行号:20
其它信息:identity:
********************************************
异常时间:2018-01-10 09:07:47,412 
线程编号:7 
异常信息:所在文件:C:\Users\mc\Documents\Visual Studio 2015\Projects\SingleWeixinSDK\Public\LogHelper.cs
所在行号:20
其它信息:openid:obzG9juJ3_bvvbM3iMs6bBgcoDsE
********************************************
异常时间:2018-01-10 09:07:48,150 
线程编号:7 
异常信息:所在文件:C:\Users\mc\Documents\Visual Studio 2015\Projects\SingleWeixinSDK\Public\LogHelper.cs
所在行号:20
其它信息:token:5_cbvSByG00ERxQ7bcsNdgFpLxopQa50LlwqoEe6Zw_iWb5rVtC2MP9nRq95rqvR0Z3RST5mWqfRL1FO08gDBPJGB8mImJtcciS0XGxA3vb7PHAtGK1c7M7xsmHaG-EiW2MT4lU5lO9ofEcR9nJKBhCCABCT,openid:obzG9juJ3_bvvbM3iMs6bBgcoDsE
********************************************
异常时间:2018-01-10 09:07:54,075 
线程编号:8 
异常信息:所在文件:C:\Users\mc\Documents\Visual Studio 2015\Projects\SingleWeixinSDK\Public\LogHelper.cs
所在行号:20
其它信息:identity:
********************************************
异常时间:2018-01-10 09:13:03,197 
线程编号:12 
异常信息:所在文件:C:\Users\mc\Documents\Visual Studio 2015\Projects\SingleWeixinSDK\Public\LogHelper.cs
所在行号:20
其它信息:identity:
********************************************
异常时间:2018-01-10 09:13:04,882 
线程编号:12 
异常信息:所在文件:C:\Users\mc\Documents\Visual Studio 2015\Projects\SingleWeixinSDK\Public\LogHelper.cs
所在行号:20
其它信息:identity:
********************************************
异常时间:2018-01-10 09:13:04,885 
线程编号:12 
异常信息:所在文件:C:\Users\mc\Documents\Visual Studio 2015\Projects\SingleWeixinSDK\Public\LogHelper.cs
所在行号:20
其它信息:openid:obzG9juJ3_bvvbM3iMs6bBgcoDsE
********************************************
异常时间:2018-01-10 09:13:05,051 
线程编号:12 
异常信息:所在文件:C:\Users\mc\Documents\Visual Studio 2015\Projects\SingleWeixinSDK\Public\LogHelper.cs
所在行号:20
其它信息:token:5_cbvSByG00ERxQ7bcsNdgFpLxopQa50LlwqoEe6Zw_iWb5rVtC2MP9nRq95rqvR0Z3RST5mWqfRL1FO08gDBPJGB8mImJtcciS0XGxA3vb7PHAtGK1c7M7xsmHaG-EiW2MT4lU5lO9ofEcR9nJKBhCCABCT,openid:obzG9juJ3_bvvbM3iMs6bBgcoDsE
********************************************
异常时间:2018-01-10 09:13:10,754 
线程编号:7 
异常信息:所在文件:C:\Users\mc\Documents\Visual Studio 2015\Projects\SingleWeixinSDK\Public\LogHelper.cs
所在行号:20
其它信息:identity:
********************************************
异常时间:2018-01-10 09:14:38,586 
线程编号:8 
异常信息:所在文件:C:\Users\mc\Documents\Visual Studio 2015\Projects\SingleWeixinSDK\Public\LogHelper.cs
所在行号:20
其它信息:identity:
********************************************
异常时间:2018-01-10 09:15:34,908 
线程编号:23 
异常信息:所在文件:C:\Users\mc\Documents\Visual Studio 2015\Projects\SingleWeixinSDK\Public\LogHelper.cs
所在行号:20
其它信息:identity:
********************************************
异常时间:2018-01-10 09:16:06,801 
线程编号:18 
异常信息:所在文件:C:\Users\mc\Documents\Visual Studio 2015\Projects\SingleWeixinSDK\Public\LogHelper.cs
所在行号:20
其它信息:identity:
********************************************
异常时间:2018-01-10 09:16:36,390 
线程编号:16 
异常信息:所在文件:C:\Users\mc\Documents\Visual Studio 2015\Projects\SingleWeixinSDK\Public\LogHelper.cs
所在行号:20
其它信息:identity:
********************************************
异常时间:2018-01-10 09:17:00,755 
线程编号:22 
异常信息:所在文件:C:\Users\mc\Documents\Visual Studio 2015\Projects\SingleWeixinSDK\Public\LogHelper.cs
所在行号:20
其它信息:identity:
********************************************
异常时间:2018-01-10 09:17:17,679 
线程编号:13 
异常信息:所在文件:C:\Users\mc\Documents\Visual Studio 2015\Projects\SingleWeixinSDK\Public\LogHelper.cs
所在行号:20
其它信息:identity:
********************************************
异常时间:2018-01-10 09:17:42,124 
线程编号:21 
异常信息:所在文件:C:\Users\mc\Documents\Visual Studio 2015\Projects\SingleWeixinSDK\Public\LogHelper.cs
所在行号:20
其它信息:identity:
********************************************
异常时间:2018-01-10 09:19:17,487 
线程编号:8 
异常信息:所在文件:C:\Users\mc\Documents\Visual Studio 2015\Projects\SingleWeixinSDK\Public\LogHelper.cs
所在行号:20
其它信息:identity:
********************************************
异常时间:2018-01-10 09:20:34,294 
线程编号:27 
异常信息:所在文件:C:\Users\mc\Documents\Visual Studio 2015\Projects\SingleWeixinSDK\Public\LogHelper.cs
所在行号:20
其它信息:identity:
********************************************
异常时间:2018-01-10 09:21:03,937 
线程编号:15 
异常信息:所在文件:C:\Users\mc\Documents\Visual Studio 2015\Projects\SingleWeixinSDK\Public\LogHelper.cs
所在行号:20
其它信息:identity:
********************************************
异常时间:2018-01-10 09:21:53,717 
线程编号:29 
异常信息:所在文件:C:\Users\mc\Documents\Visual Studio 2015\Projects\SingleWeixinSDK\Public\LogHelper.cs
所在行号:20
其它信息:identity:
********************************************
异常时间:2018-01-10 09:23:03,708 
线程编号:28 
异常信息:所在文件:C:\Users\mc\Documents\Visual Studio 2015\Projects\SingleWeixinSDK\Public\LogHelper.cs
所在行号:20
其它信息:identity:
********************************************
异常时间:2018-01-10 09:51:51,600 
线程编号:8 
异常信息:所在文件:C:\Users\mc\Documents\Visual Studio 2015\Projects\SingleWeixinSDK\Public\LogHelper.cs
所在行号:20
其它信息:identity:
********************************************
异常时间:2018-01-10 09:51:59,806 
线程编号:9 
异常信息:所在文件:C:\Users\mc\Documents\Visual Studio 2015\Projects\SingleWeixinSDK\Public\LogHelper.cs
所在行号:20
其它信息:identity:
********************************************
异常时间:2018-01-10 10:53:21,718 
线程编号:9 
异常信息:所在文件:C:\Users\mc\Documents\Visual Studio 2015\Projects\SingleWeixinSDK\Public\LogHelper.cs
所在行号:20
其它信息:identity:
********************************************
异常时间:2018-01-10 10:53:31,275 
线程编号:12 
异常信息:所在文件:C:\Users\mc\Documents\Visual Studio 2015\Projects\SingleWeixinSDK\Public\LogHelper.cs
所在行号:20
其它信息:identity:
********************************************
异常时间:2018-01-10 10:53:31,278 
线程编号:12 
异常信息:所在文件:C:\Users\mc\Documents\Visual Studio 2015\Projects\SingleWeixinSDK\Public\LogHelper.cs
所在行号:20
其它信息:HotelDetail:obzG9juJ3_bvvbM3iMs6bBgcoDsE
********************************************
异常时间:2018-01-10 10:53:31,280 
线程编号:12 
异常信息:所在文件:C:\Users\mc\Documents\Visual Studio 2015\Projects\SingleWeixinSDK\Public\LogHelper.cs
所在行号:20
其它信息:url:http://wechat1.boozhotel.com/Hotel/HotelDetail?storeid=180
********************************************
异常时间:2018-01-10 10:53:31,573 
线程编号:12 
异常信息:所在文件:C:\Users\mc\Documents\Visual Studio 2015\Projects\SingleWeixinSDK\Public\LogHelper.cs
所在行号:20
其它信息:jsTickect:bxLdikRXVbTPdHSM05e5uykGvWeaLhbdam_JAwMvXUS7UYXJmahEQbutJIVJv8bVNKWfgsRdpkmqQce-iCRiYw
********************************************
异常时间:2018-01-10 10:54:02,481 
线程编号:5 
异常信息:所在文件:C:\Users\mc\Documents\Visual Studio 2015\Projects\SingleWeixinSDK\Public\LogHelper.cs
所在行号:20
其它信息:identity:
********************************************
异常时间:2018-01-10 10:54:02,481 
线程编号:5 
异常信息:所在文件:C:\Users\mc\Documents\Visual Studio 2015\Projects\SingleWeixinSDK\Public\LogHelper.cs
所在行号:20
其它信息:HotelDetail:obzG9juJ3_bvvbM3iMs6bBgcoDsE
********************************************
异常时间:2018-01-10 10:54:02,482 
线程编号:5 
异常信息:所在文件:C:\Users\mc\Documents\Visual Studio 2015\Projects\SingleWeixinSDK\Public\LogHelper.cs
所在行号:20
其它信息:url:http://wechat1.boozhotel.com/Hotel/HotelDetail?storeid=180
********************************************
异常时间:2018-01-10 10:54:02,523 
线程编号:5 
异常信息:所在文件:C:\Users\mc\Documents\Visual Studio 2015\Projects\SingleWeixinSDK\Public\LogHelper.cs
所在行号:20
其它信息:jsTickect:bxLdikRXVbTPdHSM05e5uykGvWeaLhbdam_JAwMvXUS7UYXJmahEQbutJIVJv8bVNKWfgsRdpkmqQce-iCRiYw
********************************************
异常时间:2018-01-10 11:25:14,073 
线程编号:7 
异常信息:所在文件:C:\Users\mc\Documents\Visual Studio 2015\Projects\SingleWeixinSDK\Public\LogHelper.cs
所在行号:20
其它信息:identity:
********************************************
异常时间:2018-01-10 11:25:14,584 
线程编号:9 
异常信息:所在文件:C:\Users\mc\Documents\Visual Studio 2015\Projects\SingleWeixinSDK\Public\LogHelper.cs
所在行号:20
其它信息:identity:
********************************************
异常时间:2018-01-10 11:25:17,073 
线程编号:7 
异常信息:所在文件:C:\Users\mc\Documents\Visual Studio 2015\Projects\SingleWeixinSDK\Public\LogHelper.cs
所在行号:20
其它信息:identity:
********************************************
异常时间:2018-01-10 11:25:17,075 
线程编号:7 
异常信息:所在文件:C:\Users\mc\Documents\Visual Studio 2015\Projects\SingleWeixinSDK\Public\LogHelper.cs
所在行号:20
其它信息:openid:obzG9juJ3_bvvbM3iMs6bBgcoDsE
********************************************
异常时间:2018-01-10 11:25:17,341 
线程编号:7 
异常信息:所在文件:C:\Users\mc\Documents\Visual Studio 2015\Projects\SingleWeixinSDK\Public\LogHelper.cs
所在行号:20
其它信息:token:5_--iAMi1JJkrnciDln9wbvg2I9DZkf1uZcYzNieu20E9uhqolLFU1DX9flVTklge1Io4uIu48yZMM2wtiknOhoF6W-RirXdzY2zkfCww4MbNvAt0Gxrnw7N0JMGlW0zxE2BC11GHryK-iG97iCMEcCIAVFX,openid:obzG9juJ3_bvvbM3iMs6bBgcoDsE
********************************************
异常时间:2018-01-10 11:25:20,502 
线程编号:9 
异常信息:所在文件:C:\Users\mc\Documents\Visual Studio 2015\Projects\SingleWeixinSDK\Public\LogHelper.cs
所在行号:20
其它信息:identity:
********************************************
异常时间:2018-01-10 11:25:22,060 
线程编号:9 
异常信息:所在文件:C:\Users\mc\Documents\Visual Studio 2015\Projects\SingleWeixinSDK\Public\LogHelper.cs
所在行号:20
其它信息:identity:
********************************************
异常时间:2018-01-10 11:25:22,061 
线程编号:9 
异常信息:所在文件:C:\Users\mc\Documents\Visual Studio 2015\Projects\SingleWeixinSDK\Public\LogHelper.cs
所在行号:20
其它信息:HotelDetail:obzG9juJ3_bvvbM3iMs6bBgcoDsE
********************************************
异常时间:2018-01-10 11:25:22,063 
线程编号:9 
异常信息:所在文件:C:\Users\mc\Documents\Visual Studio 2015\Projects\SingleWeixinSDK\Public\LogHelper.cs
所在行号:20
其它信息:url:http://wechat1.boozhotel.com/Hotel/HotelDetail?storeid=180
********************************************
异常时间:2018-01-10 11:25:22,111 
线程编号:9 
异常信息:所在文件:C:\Users\mc\Documents\Visual Studio 2015\Projects\SingleWeixinSDK\Public\LogHelper.cs
所在行号:20
其它信息:jsTickect:bxLdikRXVbTPdHSM05e5uykGvWeaLhbdam_JAwMvXUQXvhKABYGoRXF66RjJAZ5J3ji8NaWDq1tjlLFh-qE52Q
********************************************
异常时间:2018-01-10 11:34:16,237 
线程编号:23 
异常信息:所在文件:C:\Users\mc\Documents\Visual Studio 2015\Projects\SingleWeixinSDK\Public\LogHelper.cs
所在行号:20
其它信息:identity:
********************************************
异常时间:2018-01-10 11:34:16,238 
线程编号:23 
异常信息:所在文件:C:\Users\mc\Documents\Visual Studio 2015\Projects\SingleWeixinSDK\Public\LogHelper.cs
所在行号:20
其它信息:HotelDetail:obzG9juJ3_bvvbM3iMs6bBgcoDsE
********************************************
异常时间:2018-01-10 11:34:16,238 
线程编号:23 
异常信息:所在文件:C:\Users\mc\Documents\Visual Studio 2015\Projects\SingleWeixinSDK\Public\LogHelper.cs
所在行号:20
其它信息:url:http://wechat1.boozhotel.com/Hotel/HotelDetail?storeid=180
********************************************
异常时间:2018-01-10 11:34:16,311 
线程编号:23 
异常信息:所在文件:C:\Users\mc\Documents\Visual Studio 2015\Projects\SingleWeixinSDK\Public\LogHelper.cs
所在行号:20
其它信息:jsTickect:bxLdikRXVbTPdHSM05e5uykGvWeaLhbdam_JAwMvXUQXvhKABYGoRXF66RjJAZ5J3ji8NaWDq1tjlLFh-qE52Q
********************************************
异常时间:2018-01-10 13:03:33,466 
线程编号:6 
异常信息:所在文件:C:\Users\mc\Documents\Visual Studio 2015\Projects\SingleWeixinSDK\Public\LogHelper.cs
所在行号:20
其它信息:identity:
********************************************
异常时间:2018-01-10 13:03:33,467 
线程编号:8 
异常信息:所在文件:C:\Users\mc\Documents\Visual Studio 2015\Projects\SingleWeixinSDK\Public\LogHelper.cs
所在行号:20
其它信息:identity:
********************************************
异常时间:2018-01-10 13:03:37,674 
线程编号:8 
异常信息:所在文件:C:\Users\mc\Documents\Visual Studio 2015\Projects\SingleWeixinSDK\Public\LogHelper.cs
所在行号:20
其它信息:identity:
********************************************
异常时间:2018-01-10 13:03:37,680 
线程编号:8 
异常信息:所在文件:C:\Users\mc\Documents\Visual Studio 2015\Projects\SingleWeixinSDK\Public\LogHelper.cs
所在行号:20
其它信息:openid:obzG9juJ3_bvvbM3iMs6bBgcoDsE
********************************************
异常时间:2018-01-10 13:03:38,208 
线程编号:8 
异常信息:所在文件:C:\Users\mc\Documents\Visual Studio 2015\Projects\SingleWeixinSDK\Public\LogHelper.cs
所在行号:20
其它信息:token:5_8tg_VIGSMaTQW36XoHB2hjSlW0k7IbNAt7kG1kyldHcJjhi2iezFzCPXbpzrsSYDggqBHuGemBqKUZtc9zgZo--F4nUN47BJkCqDaojz9V1oRmfJfqzySRUu9Xe6nKbF3P_FN3_W8Qd_pyt-RMOfCDABWY,openid:obzG9juJ3_bvvbM3iMs6bBgcoDsE
********************************************
异常时间:2018-01-10 13:03:44,480 
线程编号:8 
异常信息:所在文件:C:\Users\mc\Documents\Visual Studio 2015\Projects\SingleWeixinSDK\Public\LogHelper.cs
所在行号:20
其它信息:identity:
********************************************
异常时间:2018-01-10 13:04:23,972 
线程编号:16 
异常信息:所在文件:C:\Users\mc\Documents\Visual Studio 2015\Projects\SingleWeixinSDK\Public\LogHelper.cs
所在行号:20
其它信息:identity:
********************************************
异常时间:2018-01-10 13:34:26,517 
线程编号:6 
异常信息:所在文件:C:\Users\mc\Documents\Visual Studio 2015\Projects\SingleWeixinSDK\Public\LogHelper.cs
所在行号:20
其它信息:identity:
********************************************
异常时间:2018-01-10 13:42:19,015 
线程编号:35 
异常信息:所在文件:C:\Users\mc\Documents\Visual Studio 2015\Projects\SingleWeixinSDK\Public\LogHelper.cs
所在行号:20
其它信息:identity:
********************************************
异常时间:2018-01-10 13:42:21,591 
线程编号:33 
异常信息:所在文件:C:\Users\mc\Documents\Visual Studio 2015\Projects\SingleWeixinSDK\Public\LogHelper.cs
所在行号:20
其它信息:identity:
********************************************
异常时间:2018-01-10 13:44:16,689 
线程编号:44 
异常信息:所在文件:C:\Users\mc\Documents\Visual Studio 2015\Projects\SingleWeixinSDK\Public\LogHelper.cs
所在行号:20
其它信息:identity:
********************************************
异常时间:2018-01-10 13:44:36,296 
线程编号:32 
异常信息:所在文件:C:\Users\mc\Documents\Visual Studio 2015\Projects\SingleWeixinSDK\Public\LogHelper.cs
所在行号:20
其它信息:identity:
********************************************
异常时间:2018-01-10 13:44:42,944 
线程编号:48 
异常信息:所在文件:C:\Users\mc\Documents\Visual Studio 2015\Projects\SingleWeixinSDK\Public\LogHelper.cs
所在行号:20
其它信息:identity:
********************************************
异常时间:2018-01-10 13:45:02,299 
线程编号:48 
异常信息:所在文件:
所在行号:0
其它信息:从数据类型 varchar 转换为 datetime 时出错。(失败)
参数化sql:EXEC U_Get_RoomRate_Default 180,'0001-01-01',99119801
整理过的sql:EXEC U_Get_RoomRate_Default 180,'0001-01-01',99119801
参数:

********************************************
异常时间:2018-01-10 13:45:11,398 
线程编号:48 
异常信息:所在文件:C:\Users\mc\Documents\Visual Studio 2015\Projects\SingleWeixinSDK\Public\LogHelper.cs
所在行号:20
其它信息:identity:
********************************************
异常时间:2018-01-10 13:45:32,562 
线程编号:32 
异常信息:所在文件:C:\Users\mc\Documents\Visual Studio 2015\Projects\SingleWeixinSDK\Public\LogHelper.cs
所在行号:20
其它信息:identity:
********************************************
异常时间:2018-01-10 13:45:44,072 
线程编号:48 
异常信息:所在文件:C:\Users\mc\Documents\Visual Studio 2015\Projects\SingleWeixinSDK\Public\LogHelper.cs
所在行号:20
其它信息:identity:
********************************************
异常时间:2018-01-10 13:46:40,013 
线程编号:20 
异常信息:所在文件:C:\Users\mc\Documents\Visual Studio 2015\Projects\SingleWeixinSDK\Public\LogHelper.cs
所在行号:20
其它信息:identity:
********************************************
异常时间:2018-01-10 13:47:06,113 
线程编号:45 
异常信息:所在文件:C:\Users\mc\Documents\Visual Studio 2015\Projects\SingleWeixinSDK\Public\LogHelper.cs
所在行号:20
其它信息:identity:
********************************************
异常时间:2018-01-10 13:47:07,878 
线程编号:45 
异常信息:所在文件:
所在行号:0
其它信息:从数据类型 varchar 转换为 datetime 时出错。(失败)
参数化sql:EXEC U_Get_RoomRate_Default 180,'0001-01-01',99119801
整理过的sql:EXEC U_Get_RoomRate_Default 180,'0001-01-01',99119801
参数:

********************************************
异常时间:2018-01-10 13:48:17,301 
线程编号:44 
异常信息:所在文件:C:\Users\mc\Documents\Visual Studio 2015\Projects\SingleWeixinSDK\Public\LogHelper.cs
所在行号:20
其它信息:identity:
********************************************
异常时间:2018-01-10 13:48:25,904 
线程编号:33 
异常信息:所在文件:C:\Users\mc\Documents\Visual Studio 2015\Projects\SingleWeixinSDK\Public\LogHelper.cs
所在行号:20
其它信息:identity:
********************************************
异常时间:2018-01-10 13:50:13,785 
线程编号:9 
异常信息:所在文件:C:\Users\mc\Documents\Visual Studio 2015\Projects\SingleWeixinSDK\Public\LogHelper.cs
所在行号:20
其它信息:identity:
********************************************
异常时间:2018-01-10 13:50:22,895 
线程编号:5 
异常信息:所在文件:C:\Users\mc\Documents\Visual Studio 2015\Projects\SingleWeixinSDK\Public\LogHelper.cs
所在行号:20
其它信息:identity:
********************************************
异常时间:2018-01-10 13:50:28,588 
线程编号:5 
异常信息:所在文件:C:\Users\mc\Documents\Visual Studio 2015\Projects\SingleWeixinSDK\Public\LogHelper.cs
所在行号:20
其它信息:identity:
********************************************
异常时间:2018-01-10 13:51:36,109 
线程编号:9 
异常信息:所在文件:C:\Users\mc\Documents\Visual Studio 2015\Projects\SingleWeixinSDK\Public\LogHelper.cs
所在行号:20
其它信息:accessToken:5_8tg_VIGSMaTQW36XoHB2hjSlW0k7IbNAt7kG1kyldHcJjhi2iezFzCPXbpzrsSYDggqBHuGemBqKUZtc9zgZo--F4nUN47BJkCqDaojz9V1oRmfJfqzySRUu9Xe6nKbF3P_FN3_W8Qd_pyt-RMOfCDABWY
********************************************
异常时间:2018-01-10 13:51:55,652 
线程编号:10 
异常信息:所在文件:C:\Users\mc\Documents\Visual Studio 2015\Projects\SingleWeixinSDK\Public\LogHelper.cs
所在行号:20
其它信息:identity:
********************************************
异常时间:2018-01-10 13:51:55,655 
线程编号:10 
异常信息:所在文件:C:\Users\mc\Documents\Visual Studio 2015\Projects\SingleWeixinSDK\Public\LogHelper.cs
所在行号:20
其它信息:openid:obzG9juJ3_bvvbM3iMs6bBgcoDsE
********************************************
异常时间:2018-01-10 13:51:59,901 
线程编号:5 
异常信息:所在文件:C:\Users\mc\Documents\Visual Studio 2015\Projects\SingleWeixinSDK\Public\LogHelper.cs
所在行号:20
其它信息:identity:
********************************************
异常时间:2018-01-10 13:51:59,901 
线程编号:5 
异常信息:所在文件:C:\Users\mc\Documents\Visual Studio 2015\Projects\SingleWeixinSDK\Public\LogHelper.cs
所在行号:20
其它信息:openid:obzG9juJ3_bvvbM3iMs6bBgcoDsE
********************************************
异常时间:2018-01-10 13:52:00,064 
线程编号:5 
异常信息:所在文件:C:\Users\mc\Documents\Visual Studio 2015\Projects\SingleWeixinSDK\Public\LogHelper.cs
所在行号:20
其它信息:token:5_8tg_VIGSMaTQW36XoHB2hjSlW0k7IbNAt7kG1kyldHcJjhi2iezFzCPXbpzrsSYDggqBHuGemBqKUZtc9zgZo--F4nUN47BJkCqDaojz9V1oRmfJfqzySRUu9Xe6nKbF3P_FN3_W8Qd_pyt-RMOfCDABWY,openid:obzG9juJ3_bvvbM3iMs6bBgcoDsE
********************************************
异常时间:2018-01-10 13:52:07,308 
线程编号:5 
异常信息:所在文件:C:\Users\mc\Documents\Visual Studio 2015\Projects\SingleWeixinSDK\Public\LogHelper.cs
所在行号:20
其它信息:identity:
********************************************
异常时间:2018-01-10 14:07:53,796 
线程编号:9 
异常信息:所在文件:C:\Users\mc\Documents\Visual Studio 2015\Projects\SingleWeixinSDK\Public\LogHelper.cs
所在行号:20
其它信息:identity:
********************************************
异常时间:2018-01-10 14:07:53,818 
线程编号:9 
异常信息:所在文件:C:\Users\mc\Documents\Visual Studio 2015\Projects\SingleWeixinSDK\Public\LogHelper.cs
所在行号:20
其它信息:openid:obzG9juJ3_bvvbM3iMs6bBgcoDsE
********************************************
异常时间:2018-01-10 14:07:54,323 
线程编号:9 
异常信息:所在文件:C:\Users\mc\Documents\Visual Studio 2015\Projects\SingleWeixinSDK\Public\LogHelper.cs
所在行号:20
其它信息:token:5_LnbQjAhUQ895RB90IytIRZgJyC3hzehousFZcR4ibaJfaJ7MGWMcrQKV5C7leLhh25KgjOAEahQbPXEtbDI7MJKgzCmdEJuc1R38_NZbA6Evrtk0ChZA8Yvci9Hm9sKY0HrXG5_OiQnKKE6xELVkCFATAK,openid:obzG9juJ3_bvvbM3iMs6bBgcoDsE
********************************************
异常时间:2018-01-10 14:07:58,617 
线程编号:7 
异常信息:所在文件:C:\Users\mc\Documents\Visual Studio 2015\Projects\SingleWeixinSDK\Public\LogHelper.cs
所在行号:20
其它信息:identity:
********************************************
异常时间:2018-01-10 14:08:04,379 
线程编号:14 
异常信息:所在文件:C:\Users\mc\Documents\Visual Studio 2015\Projects\SingleWeixinSDK\Public\LogHelper.cs
所在行号:20
其它信息:identity:
********************************************
异常时间:2018-01-10 14:08:04,486 
线程编号:14 
异常信息:所在文件:
所在行号:0
其它信息:选择列表中的列 'dbo.T_Room_Type.str_Area' 无效，因为该列没有包含在聚合函数或 GROUP BY 子句中。
列名 'str_Remark' 不明确。(失败)
参数化sql:SELECT a.Ing_Pk_RoomTypeID,a.str_TypeCode AS strRoomTypeCode,a.str_TypeName AS strRoomTypeName
                                            ,a.str_Area,a.str_Bed_w,a.str_BedType,a.Ing_window,str_CurrentFloor,str_NumberGuest,str_Remark
                                            ,MIN(ISNULL(b.dec_StepRate,0)) AS  price0
                                            ,(SELECT COUNT(0) FROM dbo.T_Room_Num c1 WHERE c1.Ing_StoreID=180 AND c1.str_FK_Type=a.str_TypeCode) roomnum
                                            FROM dbo.T_Room_Type a 
                                            LEFT JOIN dbo.T_TimeRoomRule b ON b.str_RoomType=a.str_TypeCode 
                                                AND ISNULL(b.str_Remark,'')='wechat' AND ISNULL(b.Ing_Sta,0)=1
                                    WHERE ISNULL(a.Ing_ShowInHourWechat,0)=1 AND ISNULL(a.Ing_halt,0)=1 AND a.Ing_StoreID=180
                                    GROUP BY a.Ing_Pk_RoomTypeID,a.str_TypeCode,a.str_TypeName
整理过的sql:SELECT a.Ing_Pk_RoomTypeID,a.str_TypeCode AS strRoomTypeCode,a.str_TypeName AS strRoomTypeName
                                            ,a.str_Area,a.str_Bed_w,a.str_BedType,a.Ing_window,str_CurrentFloor,str_NumberGuest,str_Remark
                                            ,MIN(ISNULL(b.dec_StepRate,0)) AS  price0
                                            ,(SELECT COUNT(0) FROM dbo.T_Room_Num c1 WHERE c1.Ing_StoreID=180 AND c1.str_FK_Type=a.str_TypeCode) roomnum
                                            FROM dbo.T_Room_Type a 
                                            LEFT JOIN dbo.T_TimeRoomRule b ON b.str_RoomType=a.str_TypeCode 
                                                AND ISNULL(b.str_Remark,'')='wechat' AND ISNULL(b.Ing_Sta,0)=1
                                    WHERE ISNULL(a.Ing_ShowInHourWechat,0)=1 AND ISNULL(a.Ing_halt,0)=1 AND a.Ing_StoreID=180
                                    GROUP BY a.Ing_Pk_RoomTypeID,a.str_TypeCode,a.str_TypeName
参数:

********************************************
异常时间:2018-01-10 14:08:18,966 
线程编号:10 
异常信息:所在文件:C:\Users\mc\Documents\Visual Studio 2015\Projects\SingleWeixinSDK\Public\LogHelper.cs
所在行号:20
其它信息:identity:
********************************************
异常时间:2018-01-10 14:08:36,276 
线程编号:10 
异常信息:所在文件:
所在行号:0
其它信息:选择列表中的列 'dbo.T_Room_Type.str_Area' 无效，因为该列没有包含在聚合函数或 GROUP BY 子句中。
列名 'str_Remark' 不明确。(失败)
参数化sql:SELECT a.Ing_Pk_RoomTypeID,a.str_TypeCode AS strRoomTypeCode,a.str_TypeName AS strRoomTypeName
                                            ,a.str_Area,a.str_Bed_w,a.str_BedType,a.Ing_window,str_CurrentFloor,str_NumberGuest,str_Remark
                                            ,MIN(ISNULL(b.dec_StepRate,0)) AS  price0
                                            ,(SELECT COUNT(0) FROM dbo.T_Room_Num c1 WHERE c1.Ing_StoreID=180 AND c1.str_FK_Type=a.str_TypeCode) roomnum
                                            FROM dbo.T_Room_Type a 
                                            LEFT JOIN dbo.T_TimeRoomRule b ON b.str_RoomType=a.str_TypeCode 
                                                AND ISNULL(b.str_Remark,'')='wechat' AND ISNULL(b.Ing_Sta,0)=1
                                    WHERE ISNULL(a.Ing_ShowInHourWechat,0)=1 AND ISNULL(a.Ing_halt,0)=1 AND a.Ing_StoreID=180
                                    GROUP BY a.Ing_Pk_RoomTypeID,a.str_TypeCode,a.str_TypeName
整理过的sql:SELECT a.Ing_Pk_RoomTypeID,a.str_TypeCode AS strRoomTypeCode,a.str_TypeName AS strRoomTypeName
                                            ,a.str_Area,a.str_Bed_w,a.str_BedType,a.Ing_window,str_CurrentFloor,str_NumberGuest,str_Remark
                                            ,MIN(ISNULL(b.dec_StepRate,0)) AS  price0
                                            ,(SELECT COUNT(0) FROM dbo.T_Room_Num c1 WHERE c1.Ing_StoreID=180 AND c1.str_FK_Type=a.str_TypeCode) roomnum
                                            FROM dbo.T_Room_Type a 
                                            LEFT JOIN dbo.T_TimeRoomRule b ON b.str_RoomType=a.str_TypeCode 
                                                AND ISNULL(b.str_Remark,'')='wechat' AND ISNULL(b.Ing_Sta,0)=1
                                    WHERE ISNULL(a.Ing_ShowInHourWechat,0)=1 AND ISNULL(a.Ing_halt,0)=1 AND a.Ing_StoreID=180
                                    GROUP BY a.Ing_Pk_RoomTypeID,a.str_TypeCode,a.str_TypeName
参数:

********************************************
异常时间:2018-01-10 14:09:42,394 
线程编号:8 
异常信息:所在文件:C:\Users\mc\Documents\Visual Studio 2015\Projects\SingleWeixinSDK\Public\LogHelper.cs
所在行号:20
其它信息:identity:
********************************************
异常时间:2018-01-10 14:10:19,827 
线程编号:8 
异常信息:所在文件:
所在行号:0
其它信息:列名 'str_Remark' 不明确。
列名 'str_Remark' 不明确。(失败)
参数化sql:SELECT a.Ing_Pk_RoomTypeID,a.str_TypeCode AS strRoomTypeCode,a.str_TypeName AS strRoomTypeName
                                            ,a.str_Area,a.str_Bed_w,a.str_BedType,a.Ing_window,str_CurrentFloor,str_NumberGuest,str_Remark
                                            ,MIN(ISNULL(b.dec_StepRate,0)) AS  price0
                                            ,(SELECT COUNT(0) FROM dbo.T_Room_Num c1 WHERE c1.Ing_StoreID=180 AND c1.str_FK_Type=a.str_TypeCode) roomnum
                                            FROM dbo.T_Room_Type a 
                                            LEFT JOIN dbo.T_TimeRoomRule b ON b.str_RoomType=a.str_TypeCode 
                                                AND ISNULL(b.str_Remark,'')='wechat' AND ISNULL(b.Ing_Sta,0)=1
                                    WHERE ISNULL(a.Ing_ShowInHourWechat,0)=1 AND ISNULL(a.Ing_halt,0)=1 AND a.Ing_StoreID=180
                                    GROUP BY a.Ing_Pk_RoomTypeID,a.str_TypeCode,a.str_TypeName,a.str_Area,a.str_Bed_w,a.str_BedType,a.Ing_window,str_CurrentFloor,str_NumberGuest,str_Remark
整理过的sql:SELECT a.Ing_Pk_RoomTypeID,a.str_TypeCode AS strRoomTypeCode,a.str_TypeName AS strRoomTypeName
                                            ,a.str_Area,a.str_Bed_w,a.str_BedType,a.Ing_window,str_CurrentFloor,str_NumberGuest,str_Remark
                                            ,MIN(ISNULL(b.dec_StepRate,0)) AS  price0
                                            ,(SELECT COUNT(0) FROM dbo.T_Room_Num c1 WHERE c1.Ing_StoreID=180 AND c1.str_FK_Type=a.str_TypeCode) roomnum
                                            FROM dbo.T_Room_Type a 
                                            LEFT JOIN dbo.T_TimeRoomRule b ON b.str_RoomType=a.str_TypeCode 
                                                AND ISNULL(b.str_Remark,'')='wechat' AND ISNULL(b.Ing_Sta,0)=1
                                    WHERE ISNULL(a.Ing_ShowInHourWechat,0)=1 AND ISNULL(a.Ing_halt,0)=1 AND a.Ing_StoreID=180
                                    GROUP BY a.Ing_Pk_RoomTypeID,a.str_TypeCode,a.str_TypeName,a.str_Area,a.str_Bed_w,a.str_BedType,a.Ing_window,str_CurrentFloor,str_NumberGuest,str_Remark
参数:

********************************************
异常时间:2018-01-10 14:11:37,908 
线程编号:8 
异常信息:所在文件:C:\Users\mc\Documents\Visual Studio 2015\Projects\SingleWeixinSDK\Public\LogHelper.cs
所在行号:20
其它信息:identity:
********************************************
异常时间:2018-01-10 14:11:48,333 
线程编号:8 
异常信息:所在文件:
所在行号:0
其它信息:列名 'str_Remark' 不明确。(失败)
参数化sql:SELECT a.Ing_Pk_RoomTypeID,a.str_TypeCode AS strRoomTypeCode,a.str_TypeName AS strRoomTypeName
                                            ,a.str_Area,a.str_Bed_w,a.str_BedType,a.Ing_window,a.str_CurrentFloor,a.str_NumberGuest,a.str_Remark
                                            ,MIN(ISNULL(b.dec_StepRate,0)) AS  price0
                                            ,(SELECT COUNT(0) FROM dbo.T_Room_Num c1 WHERE c1.Ing_StoreID=180 AND c1.str_FK_Type=a.str_TypeCode) roomnum
                                            FROM dbo.T_Room_Type a 
                                            LEFT JOIN dbo.T_TimeRoomRule b ON b.str_RoomType=a.str_TypeCode 
                                                AND ISNULL(b.str_Remark,'')='wechat' AND ISNULL(b.Ing_Sta,0)=1
                                    WHERE ISNULL(a.Ing_ShowInHourWechat,0)=1 AND ISNULL(a.Ing_halt,0)=1 AND a.Ing_StoreID=180
                                    GROUP BY a.Ing_Pk_RoomTypeID,a.str_TypeCode,a.str_TypeName,a.str_Area,a.str_Bed_w,a.str_BedType,a.Ing_window,str_CurrentFloor,str_NumberGuest,str_Remark
整理过的sql:SELECT a.Ing_Pk_RoomTypeID,a.str_TypeCode AS strRoomTypeCode,a.str_TypeName AS strRoomTypeName
                                            ,a.str_Area,a.str_Bed_w,a.str_BedType,a.Ing_window,a.str_CurrentFloor,a.str_NumberGuest,a.str_Remark
                                            ,MIN(ISNULL(b.dec_StepRate,0)) AS  price0
                                            ,(SELECT COUNT(0) FROM dbo.T_Room_Num c1 WHERE c1.Ing_StoreID=180 AND c1.str_FK_Type=a.str_TypeCode) roomnum
                                            FROM dbo.T_Room_Type a 
                                            LEFT JOIN dbo.T_TimeRoomRule b ON b.str_RoomType=a.str_TypeCode 
                                                AND ISNULL(b.str_Remark,'')='wechat' AND ISNULL(b.Ing_Sta,0)=1
                                    WHERE ISNULL(a.Ing_ShowInHourWechat,0)=1 AND ISNULL(a.Ing_halt,0)=1 AND a.Ing_StoreID=180
                                    GROUP BY a.Ing_Pk_RoomTypeID,a.str_TypeCode,a.str_TypeName,a.str_Area,a.str_Bed_w,a.str_BedType,a.Ing_window,str_CurrentFloor,str_NumberGuest,str_Remark
参数:

********************************************
异常时间:2018-01-10 14:12:02,275 
线程编号:11 
异常信息:所在文件:C:\Users\mc\Documents\Visual Studio 2015\Projects\SingleWeixinSDK\Public\LogHelper.cs
所在行号:20
其它信息:identity:
********************************************
异常时间:2018-01-10 14:12:23,096 
线程编号:11 
异常信息:所在文件:
所在行号:0
其它信息:列名 'str_Remark' 不明确。(失败)
参数化sql:SELECT a.Ing_Pk_RoomTypeID,a.str_TypeCode AS strRoomTypeCode,a.str_TypeName AS strRoomTypeName
                                            ,a.str_Area,a.str_Bed_w,a.str_BedType,a.Ing_window,a.str_CurrentFloor,a.str_NumberGuest,a.str_Remark
                                            ,MIN(ISNULL(b.dec_StepRate,0)) AS  price0
                                            ,(SELECT COUNT(0) FROM dbo.T_Room_Num c1 WHERE c1.Ing_StoreID=180 AND c1.str_FK_Type=a.str_TypeCode) roomnum
                                            FROM dbo.T_Room_Type a 
                                            LEFT JOIN dbo.T_TimeRoomRule b ON b.str_RoomType=a.str_TypeCode 
                                                AND ISNULL(b.str_Remark,'')='wechat' AND ISNULL(b.Ing_Sta,0)=1
                                    WHERE ISNULL(a.Ing_ShowInHourWechat,0)=1 AND ISNULL(a.Ing_halt,0)=1 AND a.Ing_StoreID=180
                                    GROUP BY a.Ing_Pk_RoomTypeID,a.str_TypeCode,a.str_TypeName,a.str_Area,a.str_Bed_w,a.str_BedType,a.Ing_window,str_CurrentFloor,str_NumberGuest,str_Remark
整理过的sql:SELECT a.Ing_Pk_RoomTypeID,a.str_TypeCode AS strRoomTypeCode,a.str_TypeName AS strRoomTypeName
                                            ,a.str_Area,a.str_Bed_w,a.str_BedType,a.Ing_window,a.str_CurrentFloor,a.str_NumberGuest,a.str_Remark
                                            ,MIN(ISNULL(b.dec_StepRate,0)) AS  price0
                                            ,(SELECT COUNT(0) FROM dbo.T_Room_Num c1 WHERE c1.Ing_StoreID=180 AND c1.str_FK_Type=a.str_TypeCode) roomnum
                                            FROM dbo.T_Room_Type a 
                                            LEFT JOIN dbo.T_TimeRoomRule b ON b.str_RoomType=a.str_TypeCode 
                                                AND ISNULL(b.str_Remark,'')='wechat' AND ISNULL(b.Ing_Sta,0)=1
                                    WHERE ISNULL(a.Ing_ShowInHourWechat,0)=1 AND ISNULL(a.Ing_halt,0)=1 AND a.Ing_StoreID=180
                                    GROUP BY a.Ing_Pk_RoomTypeID,a.str_TypeCode,a.str_TypeName,a.str_Area,a.str_Bed_w,a.str_BedType,a.Ing_window,str_CurrentFloor,str_NumberGuest,str_Remark
参数:

********************************************
异常时间:2018-01-10 14:12:58,569 
线程编号:9 
异常信息:所在文件:C:\Users\mc\Documents\Visual Studio 2015\Projects\SingleWeixinSDK\Public\LogHelper.cs
所在行号:20
其它信息:identity:
********************************************
异常时间:2018-01-10 15:30:29,342 
线程编号:9 
异常信息:所在文件:C:\Users\mc\Documents\Visual Studio 2015\Projects\SingleWeixinSDK\Public\LogHelper.cs
所在行号:20
其它信息:identity:
********************************************
异常时间:2018-01-10 15:30:40,330 
线程编号:12 
异常信息:所在文件:C:\Users\mc\Documents\Visual Studio 2015\Projects\SingleWeixinSDK\Public\LogHelper.cs
所在行号:20
其它信息:identity:
********************************************
异常时间:2018-01-10 15:39:12,784 
线程编号:9 
异常信息:所在文件:C:\Users\mc\Documents\Visual Studio 2015\Projects\SingleWeixinSDK\Public\LogHelper.cs
所在行号:20
其它信息:identity:
********************************************
异常时间:2018-01-10 15:39:46,458 
线程编号:11 
异常信息:所在文件:C:\Users\mc\Documents\Visual Studio 2015\Projects\SingleWeixinSDK\Public\LogHelper.cs
所在行号:20
其它信息:identity:
********************************************
